[ 2017-03-28T11:03:27+08:00 ] 192.168.70.9 192.168.70.9 GET /
[ log ] 192.168.70.9:97/ [运行时间：0.249575s][吞吐率：4.01req/s] [内存消耗：1,282.94kb] [文件加载：35]
[ info ] [ LANG ] D:\www\weioa\thinkphp\lang\zh-cn.php
[ info ] [ ROUTE ] array (
  'type' => 'module',
  'module' => 
  array (
    0 => '',
    1 => NULL,
    2 => NULL,
  ),
)
[ info ] [ HEADER ] array (
  'cookie' => 'CNZZDATA30088308=cnzz_eid%3D683259901-1484699979-%26ntime%3D1484710790; PHPSESSID=9s9sh7lu3dk0gr8m56kmuibf21; _identity=b63b451959c176400f6676671ab0d4c3e1f541b22dd6b06e21336ffcbcb9e825a%3A2%3A%7Bi%3A0%3Bs%3A9%3A%22_identity%22%3Bi%3A1%3Bs%3A14%3A%22%5B%221%22%2C%221%22%2C7200%5D%22%3B%7D',
  'accept-language' => 'zh-CN',
  'accept-encoding' => 'gzip, deflate',
  'dnt' => '1',
  'user-agent' => 'Mozilla/5.0 (Windows NT 10.0; WOW64) AppleWebKit/537.36 (KHTML, like Gecko) Maxthon/5.0.3.1200 Chrome/47.0.2526.73 Safari/537.36',
  'upgrade-insecure-requests' => '1',
  'accept' => 'text/html,application/xhtml+xml,application/xml;q=0.9,image/webp,*/*;q=0.8',
  'connection' => 'keep-alive',
  'host' => '192.168.70.9:97',
  'content-length' => '',
  'content-type' => '',
)
[ info ] [ PARAM ] array (
)
[ info ] [ RUN ] app\index\controller\Index->index[ D:\www\weioa\application\index\controller\Index.php ]
[ info ] [ SESSION ] INIT array (
  'id' => '',
  'var_session_id' => '',
  'prefix' => 'wei',
  'type' => '',
  'auto_start' => true,
  'expire' => 86400,
)
[ info ] [ LOG ] INIT File

---------------------------------------------------------------
[ 2017-03-28T11:03:27+08:00 ] 192.168.70.9 192.168.70.9 GET /index/Index/login
[ log ] 192.168.70.9:97/index/Index/login [运行时间：0.154021s][吞吐率：6.49req/s] [内存消耗：1,275.70kb] [文件加载：35]
[ info ] [ LANG ] D:\www\weioa\thinkphp\lang\zh-cn.php
[ info ] [ ROUTE ] array (
  'type' => 'module',
  'module' => 
  array (
    0 => 'index',
    1 => 'Index',
    2 => 'login',
  ),
)
[ info ] [ HEADER ] array (
  'cookie' => 'CNZZDATA30088308=cnzz_eid%3D683259901-1484699979-%26ntime%3D1484710790; PHPSESSID=9s9sh7lu3dk0gr8m56kmuibf21; _identity=b63b451959c176400f6676671ab0d4c3e1f541b22dd6b06e21336ffcbcb9e825a%3A2%3A%7Bi%3A0%3Bs%3A9%3A%22_identity%22%3Bi%3A1%3Bs%3A14%3A%22%5B%221%22%2C%221%22%2C7200%5D%22%3B%7D',
  'accept-language' => 'zh-CN',
  'accept-encoding' => 'gzip, deflate',
  'dnt' => '1',
  'user-agent' => 'Mozilla/5.0 (Windows NT 10.0; WOW64) AppleWebKit/537.36 (KHTML, like Gecko) Maxthon/5.0.3.1200 Chrome/47.0.2526.73 Safari/537.36',
  'upgrade-insecure-requests' => '1',
  'accept' => 'text/html,application/xhtml+xml,application/xml;q=0.9,image/webp,*/*;q=0.8',
  'connection' => 'keep-alive',
  'host' => '192.168.70.9:97',
  'content-length' => '',
  'content-type' => '',
)
[ info ] [ PARAM ] array (
)
[ info ] [ RUN ] app\index\controller\Index->login[ D:\www\weioa\application\index\controller\Index.php ]
[ info ] [ VIEW ] D:\www\weioa\public/../application/index\view\index\login.html [ array (
  0 => 'default_title',
) ]
[ info ] [ LOG ] INIT File

---------------------------------------------------------------
[ 2017-03-28T11:03:32+08:00 ] 192.168.70.9 192.168.70.9 POST /index/Index/login
[ log ] 192.168.70.9:97/index/Index/login [运行时间：1.445129s][吞吐率：0.69req/s] [内存消耗：2,077.59kb] [文件加载：42]
[ info ] [ LANG ] D:\www\weioa\thinkphp\lang\zh-cn.php
[ info ] [ ROUTE ] array (
  'type' => 'module',
  'module' => 
  array (
    0 => 'index',
    1 => 'Index',
    2 => 'login',
  ),
)
[ info ] [ HEADER ] array (
  'cookie' => 'CNZZDATA30088308=cnzz_eid%3D683259901-1484699979-%26ntime%3D1484710790; PHPSESSID=9s9sh7lu3dk0gr8m56kmuibf21; _identity=b63b451959c176400f6676671ab0d4c3e1f541b22dd6b06e21336ffcbcb9e825a%3A2%3A%7Bi%3A0%3Bs%3A9%3A%22_identity%22%3Bi%3A1%3Bs%3A14%3A%22%5B%221%22%2C%221%22%2C7200%5D%22%3B%7D',
  'accept-language' => 'zh-CN',
  'accept-encoding' => 'gzip, deflate',
  'referer' => 'http://192.168.70.9:97/index/Index/login',
  'dnt' => '1',
  'content-type' => 'application/x-www-form-urlencoded; charset=UTF-8',
  'user-agent' => 'Mozilla/5.0 (Windows NT 10.0; WOW64) AppleWebKit/537.36 (KHTML, like Gecko) Maxthon/5.0.3.1200 Chrome/47.0.2526.73 Safari/537.36',
  'x-requested-with' => 'XMLHttpRequest',
  'origin' => 'http://192.168.70.9:97',
  'accept' => 'application/json, text/javascript, */*; q=0.01',
  'content-length' => '73',
  'connection' => 'keep-alive',
  'host' => '192.168.70.9:97',
)
[ info ] [ PARAM ] array (
  'bsinfo' => 'Maxthon|5.0.3.1200|Windows|PC',
  'user_name' => 'admin',
  'password' => 'admin',
)
[ info ] [ RUN ] app\index\controller\Index->login[ D:\www\weioa\application\index\controller\Index.php ]
[ info ] [ DB ] INIT mysql
[ info ] [ SESSION ] INIT array (
  'id' => '',
  'var_session_id' => '',
  'prefix' => 'wei',
  'type' => '',
  'auto_start' => true,
  'expire' => 86400,
)
[ info ] [ LOG ] INIT File
[ sql ] [ DB ] CONNECT:[ UseTime:1.120683s ] mysql:dbname=weioa;host=localhost;charset=utf8
[ sql ] [ SQL ] SHOW COLUMNS FROM `wei_user` [ RunTime:0.096393s ]
[ sql ] [ SQL ] SELECT * FROM `wei_user` WHERE  `user_name` = 'admin'  AND `is_del` = 0 LIMIT 1 [ RunTime:0.002510s ]
[ sql ] [ SQL ] SHOW COLUMNS FROM `wei_log` [ RunTime:0.088691s ]
[ sql ] [ SQL ] INSERT INTO `wei_log` (`type` , `table_name` , `user_id` , `intro` , `user_os` , `user_ip` , `create_time`) VALUES ('select' , 'user' , 1 , '用户：admin 登录' , 'Windows 10 | 傲游(5.0.3.1200)' , '192.168.70.9' , '2017-03-28 11:03:32') [ RunTime:0.006262s ]

---------------------------------------------------------------
[ 2017-03-28T11:03:34+08:00 ] 192.168.70.9 192.168.70.9 GET /index/Index/index
[ log ] 192.168.70.9:97/index/Index/index [运行时间：1.219149s][吞吐率：0.82req/s] [内存消耗：2,139.02kb] [文件加载：44]
[ info ] [ LANG ] D:\www\weioa\thinkphp\lang\zh-cn.php
[ info ] [ ROUTE ] array (
  'type' => 'module',
  'module' => 
  array (
    0 => 'index',
    1 => 'Index',
    2 => 'index',
  ),
)
[ info ] [ HEADER ] array (
  'cookie' => 'CNZZDATA30088308=cnzz_eid%3D683259901-1484699979-%26ntime%3D1484710790; PHPSESSID=9s9sh7lu3dk0gr8m56kmuibf21; _identity=b63b451959c176400f6676671ab0d4c3e1f541b22dd6b06e21336ffcbcb9e825a%3A2%3A%7Bi%3A0%3Bs%3A9%3A%22_identity%22%3Bi%3A1%3Bs%3A14%3A%22%5B%221%22%2C%221%22%2C7200%5D%22%3B%7D',
  'accept-language' => 'zh-CN',
  'accept-encoding' => 'gzip, deflate',
  'referer' => 'http://192.168.70.9:97/index/Index/login',
  'dnt' => '1',
  'user-agent' => 'Mozilla/5.0 (Windows NT 10.0; WOW64) AppleWebKit/537.36 (KHTML, like Gecko) Maxthon/5.0.3.1200 Chrome/47.0.2526.73 Safari/537.36',
  'upgrade-insecure-requests' => '1',
  'accept' => 'text/html,application/xhtml+xml,application/xml;q=0.9,image/webp,*/*;q=0.8',
  'connection' => 'keep-alive',
  'host' => '192.168.70.9:97',
  'content-length' => '',
  'content-type' => '',
)
[ info ] [ PARAM ] array (
)
[ info ] [ RUN ] app\index\controller\Index->index[ D:\www\weioa\application\index\controller\Index.php ]
[ info ] [ SESSION ] INIT array (
  'id' => '',
  'var_session_id' => '',
  'prefix' => 'wei',
  'type' => '',
  'auto_start' => true,
  'expire' => 86400,
)
[ info ] [ DB ] INIT mysql
[ info ] [ VIEW ] D:\www\weioa\public/../application/index\view\index\index.html [ array (
  0 => 'default_title',
  1 => 'menu',
  2 => 'menu_child',
  3 => 'mid',
) ]
[ info ] [ LOG ] INIT File
[ sql ] [ DB ] CONNECT:[ UseTime:1.017301s ] mysql:dbname=weioa;host=localhost;charset=utf8
[ sql ] [ SQL ] SHOW COLUMNS FROM `wei_menu` [ RunTime:0.060402s ]
[ sql ] [ SQL ] SELECT * FROM `wei_menu` WHERE  `parent_id` = 0  AND `is_del` = 0 ORDER BY sort desc [ RunTime:0.009921s ]
[ sql ] [ SQL ] SELECT * FROM `wei_menu` WHERE  `is_del` = 0  AND `parent_id` = 8 ORDER BY sort desc [ RunTime:0.000775s ]
[ sql ] [ SQL ] SELECT * FROM `wei_menu` WHERE  `is_del` = 0  AND `parent_id` = 21 ORDER BY sort desc [ RunTime:0.000641s ]
[ sql ] [ SQL ] SELECT * FROM `wei_menu` WHERE  `is_del` = 0  AND `parent_id` = 20 ORDER BY sort desc [ RunTime:0.000692s ]
[ sql ] [ SQL ] SELECT * FROM `wei_menu` WHERE  `is_del` = 0  AND `parent_id` = 19 ORDER BY sort desc [ RunTime:0.000640s ]
[ sql ] [ SQL ] SELECT * FROM `wei_menu` WHERE  `is_del` = 0  AND `parent_id` = 18 ORDER BY sort desc [ RunTime:0.000643s ]
[ sql ] [ SQL ] SELECT * FROM `wei_menu` WHERE  `is_del` = 0  AND `parent_id` = 17 ORDER BY sort desc [ RunTime:0.000727s ]

---------------------------------------------------------------
[ 2017-03-28T11:05:29+08:00 ] 192.168.70.9 192.168.70.9 GET /
[ log ] 192.168.70.9:97/ [运行时间：1.149470s][吞吐率：0.87req/s] [内存消耗：2,190.02kb] [文件加载：44]
[ info ] [ LANG ] D:\www\weioa\thinkphp\lang\zh-cn.php
[ info ] [ ROUTE ] array (
  'type' => 'module',
  'module' => 
  array (
    0 => '',
    1 => NULL,
    2 => NULL,
  ),
)
[ info ] [ HEADER ] array (
  'cookie' => 'CNZZDATA30088308=cnzz_eid%3D683259901-1484699979-%26ntime%3D1484710790; PHPSESSID=9s9sh7lu3dk0gr8m56kmuibf21; _identity=b63b451959c176400f6676671ab0d4c3e1f541b22dd6b06e21336ffcbcb9e825a%3A2%3A%7Bi%3A0%3Bs%3A9%3A%22_identity%22%3Bi%3A1%3Bs%3A14%3A%22%5B%221%22%2C%221%22%2C7200%5D%22%3B%7D; weidata_id1=8; weidata_id2=20; weidata_id3=undefined',
  'accept-language' => 'zh-CN',
  'accept-encoding' => 'gzip, deflate',
  'dnt' => '1',
  'user-agent' => 'Mozilla/5.0 (Windows NT 10.0; WOW64) AppleWebKit/537.36 (KHTML, like Gecko) Maxthon/5.0.3.1200 Chrome/47.0.2526.73 Safari/537.36',
  'upgrade-insecure-requests' => '1',
  'accept' => 'text/html,application/xhtml+xml,application/xml;q=0.9,image/webp,*/*;q=0.8',
  'connection' => 'keep-alive',
  'host' => '192.168.70.9:97',
  'content-length' => '',
  'content-type' => '',
)
[ info ] [ PARAM ] array (
)
[ info ] [ RUN ] app\index\controller\Index->index[ D:\www\weioa\application\index\controller\Index.php ]
[ info ] [ SESSION ] INIT array (
  'id' => '',
  'var_session_id' => '',
  'prefix' => 'wei',
  'type' => '',
  'auto_start' => true,
  'expire' => 86400,
)
[ info ] [ DB ] INIT mysql
[ info ] [ VIEW ] D:\www\weioa\public/../application/index\view\index\index.html [ array (
  0 => 'default_title',
  1 => 'menu',
  2 => 'menu_child',
  3 => 'mid',
) ]
[ info ] [ LOG ] INIT File
[ sql ] [ DB ] CONNECT:[ UseTime:1.007478s ] mysql:dbname=weioa;host=localhost;charset=utf8
[ sql ] [ SQL ] SHOW COLUMNS FROM `wei_menu` [ RunTime:0.035261s ]
[ sql ] [ SQL ] SELECT * FROM `wei_menu` WHERE  `parent_id` = 0  AND `is_del` = 0 ORDER BY sort desc [ RunTime:0.002307s ]
[ sql ] [ SQL ] SELECT * FROM `wei_menu` WHERE  `is_del` = 0  AND `parent_id` = 8 ORDER BY sort desc [ RunTime:0.002312s ]
[ sql ] [ SQL ] SELECT * FROM `wei_menu` WHERE  `is_del` = 0  AND `parent_id` = 21 ORDER BY sort desc [ RunTime:0.001683s ]
[ sql ] [ SQL ] SELECT * FROM `wei_menu` WHERE  `is_del` = 0  AND `parent_id` = 20 ORDER BY sort desc [ RunTime:0.001621s ]
[ sql ] [ SQL ] SELECT * FROM `wei_menu` WHERE  `is_del` = 0  AND `parent_id` = 19 ORDER BY sort desc [ RunTime:0.001461s ]
[ sql ] [ SQL ] SELECT * FROM `wei_menu` WHERE  `is_del` = 0  AND `parent_id` = 18 ORDER BY sort desc [ RunTime:0.001546s ]
[ sql ] [ SQL ] SELECT * FROM `wei_menu` WHERE  `is_del` = 0  AND `parent_id` = 17 ORDER BY sort desc [ RunTime:0.001557s ]

---------------------------------------------------------------
