[ 2017-03-31T11:16:56+08:00 ] 192.168.70.9 192.168.70.9 GET /
[ log ] 192.168.70.9:97/ [运行时间：0.192835s][吞吐率：5.19req/s] [内存消耗：1,282.91kb] [文件加载：35]
[ info ] [ LANG ] D:\www\weioa\thinkphp\lang\zh-cn.php
[ info ] [ ROUTE ] array (
  'type' => 'module',
  'module' => 
  array (
    0 => '',
    1 => NULL,
    2 => NULL,
  ),
)
[ info ] [ HEADER ] array (
  'cookie' => 'CNZZDATA30088308=cnzz_eid%3D683259901-1484699979-%26ntime%3D1484710790; PHPSESSID=1b21bdk4mq4rvts4ldsp19jj73; _identity=b63b451959c176400f6676671ab0d4c3e1f541b22dd6b06e21336ffcbcb9e825a%3A2%3A%7Bi%3A0%3Bs%3A9%3A%22_identity%22%3Bi%3A1%3Bs%3A14%3A%22%5B%221%22%2C%221%22%2C7200%5D%22%3B%7D',
  'accept-language' => 'zh-CN',
  'accept-encoding' => 'gzip, deflate',
  'dnt' => '1',
  'user-agent' => 'Mozilla/5.0 (Windows NT 10.0; WOW64) AppleWebKit/537.36 (KHTML, like Gecko) Maxthon/5.0.3.1400 Chrome/47.0.2526.73 Safari/537.36',
  'upgrade-insecure-requests' => '1',
  'accept' => 'text/html,application/xhtml+xml,application/xml;q=0.9,image/webp,*/*;q=0.8',
  'connection' => 'keep-alive',
  'host' => '192.168.70.9:97',
  'content-length' => '',
  'content-type' => '',
)
[ info ] [ PARAM ] array (
)
[ info ] [ RUN ] app\index\controller\Index->index[ D:\www\weioa\application\index\controller\Index.php ]
[ info ] [ SESSION ] INIT array (
  'id' => '',
  'var_session_id' => '',
  'prefix' => 'wei',
  'type' => '',
  'auto_start' => true,
  'expire' => 86400,
)
[ info ] [ LOG ] INIT File

---------------------------------------------------------------
[ 2017-03-31T11:16:56+08:00 ] 192.168.70.9 192.168.70.9 GET /index/Index/login
[ log ] 192.168.70.9:97/index/Index/login [运行时间：0.133671s][吞吐率：7.48req/s] [内存消耗：1,275.70kb] [文件加载：35]
[ info ] [ LANG ] D:\www\weioa\thinkphp\lang\zh-cn.php
[ info ] [ ROUTE ] array (
  'type' => 'module',
  'module' => 
  array (
    0 => 'index',
    1 => 'Index',
    2 => 'login',
  ),
)
[ info ] [ HEADER ] array (
  'cookie' => 'CNZZDATA30088308=cnzz_eid%3D683259901-1484699979-%26ntime%3D1484710790; PHPSESSID=1b21bdk4mq4rvts4ldsp19jj73; _identity=b63b451959c176400f6676671ab0d4c3e1f541b22dd6b06e21336ffcbcb9e825a%3A2%3A%7Bi%3A0%3Bs%3A9%3A%22_identity%22%3Bi%3A1%3Bs%3A14%3A%22%5B%221%22%2C%221%22%2C7200%5D%22%3B%7D',
  'accept-language' => 'zh-CN',
  'accept-encoding' => 'gzip, deflate',
  'dnt' => '1',
  'user-agent' => 'Mozilla/5.0 (Windows NT 10.0; WOW64) AppleWebKit/537.36 (KHTML, like Gecko) Maxthon/5.0.3.1400 Chrome/47.0.2526.73 Safari/537.36',
  'upgrade-insecure-requests' => '1',
  'accept' => 'text/html,application/xhtml+xml,application/xml;q=0.9,image/webp,*/*;q=0.8',
  'connection' => 'keep-alive',
  'host' => '192.168.70.9:97',
  'content-length' => '',
  'content-type' => '',
)
[ info ] [ PARAM ] array (
)
[ info ] [ RUN ] app\index\controller\Index->login[ D:\www\weioa\application\index\controller\Index.php ]
[ info ] [ VIEW ] D:\www\weioa\public/../application/index\view\index\login.html [ array (
  0 => 'default_title',
) ]
[ info ] [ LOG ] INIT File

---------------------------------------------------------------
[ 2017-03-31T11:16:59+08:00 ] 192.168.70.9 192.168.70.9 POST /index/Index/login
[ log ] 192.168.70.9:97/index/Index/login [运行时间：1.418853s][吞吐率：0.70req/s] [内存消耗：2,077.59kb] [文件加载：42]
[ info ] [ LANG ] D:\www\weioa\thinkphp\lang\zh-cn.php
[ info ] [ ROUTE ] array (
  'type' => 'module',
  'module' => 
  array (
    0 => 'index',
    1 => 'Index',
    2 => 'login',
  ),
)
[ info ] [ HEADER ] array (
  'cookie' => 'CNZZDATA30088308=cnzz_eid%3D683259901-1484699979-%26ntime%3D1484710790; PHPSESSID=1b21bdk4mq4rvts4ldsp19jj73; _identity=b63b451959c176400f6676671ab0d4c3e1f541b22dd6b06e21336ffcbcb9e825a%3A2%3A%7Bi%3A0%3Bs%3A9%3A%22_identity%22%3Bi%3A1%3Bs%3A14%3A%22%5B%221%22%2C%221%22%2C7200%5D%22%3B%7D',
  'accept-language' => 'zh-CN',
  'accept-encoding' => 'gzip, deflate',
  'referer' => 'http://192.168.70.9:97/index/Index/login',
  'dnt' => '1',
  'content-type' => 'application/x-www-form-urlencoded; charset=UTF-8',
  'user-agent' => 'Mozilla/5.0 (Windows NT 10.0; WOW64) AppleWebKit/537.36 (KHTML, like Gecko) Maxthon/5.0.3.1400 Chrome/47.0.2526.73 Safari/537.36',
  'x-requested-with' => 'XMLHttpRequest',
  'origin' => 'http://192.168.70.9:97',
  'accept' => 'application/json, text/javascript, */*; q=0.01',
  'content-length' => '73',
  'connection' => 'keep-alive',
  'host' => '192.168.70.9:97',
)
[ info ] [ PARAM ] array (
  'bsinfo' => 'Maxthon|5.0.3.1400|Windows|PC',
  'user_name' => 'admin',
  'password' => 'admin',
)
[ info ] [ RUN ] app\index\controller\Index->login[ D:\www\weioa\application\index\controller\Index.php ]
[ info ] [ DB ] INIT mysql
[ info ] [ SESSION ] INIT array (
  'id' => '',
  'var_session_id' => '',
  'prefix' => 'wei',
  'type' => '',
  'auto_start' => true,
  'expire' => 86400,
)
[ info ] [ LOG ] INIT File
[ sql ] [ DB ] CONNECT:[ UseTime:1.089898s ] mysql:dbname=weioa;host=localhost;charset=utf8
[ sql ] [ SQL ] SHOW COLUMNS FROM `wei_user` [ RunTime:0.074253s ]
[ sql ] [ SQL ] SELECT * FROM `wei_user` WHERE  `user_name` = 'admin'  AND `is_del` = 0 LIMIT 1 [ RunTime:0.001717s ]
[ sql ] [ SQL ] SHOW COLUMNS FROM `wei_log` [ RunTime:0.050126s ]
[ sql ] [ SQL ] INSERT INTO `wei_log` (`type` , `table_name` , `user_id` , `intro` , `user_os` , `user_ip` , `create_time`) VALUES ('select' , 'user' , 1 , '用户：admin 登录' , 'Windows 10 | 傲游(5.0.3.1400)' , '192.168.70.9' , '2017-03-31 11:16:59') [ RunTime:0.038160s ]

---------------------------------------------------------------
[ 2017-03-31T11:17:01+08:00 ] 192.168.70.9 192.168.70.9 GET /index/Index/index
[ log ] 192.168.70.9:97/index/Index/index [运行时间：1.617269s][吞吐率：0.62req/s] [内存消耗：2,139.02kb] [文件加载：44]
[ info ] [ LANG ] D:\www\weioa\thinkphp\lang\zh-cn.php
[ info ] [ ROUTE ] array (
  'type' => 'module',
  'module' => 
  array (
    0 => 'index',
    1 => 'Index',
    2 => 'index',
  ),
)
[ info ] [ HEADER ] array (
  'cookie' => 'CNZZDATA30088308=cnzz_eid%3D683259901-1484699979-%26ntime%3D1484710790; PHPSESSID=1b21bdk4mq4rvts4ldsp19jj73; _identity=b63b451959c176400f6676671ab0d4c3e1f541b22dd6b06e21336ffcbcb9e825a%3A2%3A%7Bi%3A0%3Bs%3A9%3A%22_identity%22%3Bi%3A1%3Bs%3A14%3A%22%5B%221%22%2C%221%22%2C7200%5D%22%3B%7D',
  'accept-language' => 'zh-CN',
  'accept-encoding' => 'gzip, deflate',
  'referer' => 'http://192.168.70.9:97/index/Index/login',
  'dnt' => '1',
  'user-agent' => 'Mozilla/5.0 (Windows NT 10.0; WOW64) AppleWebKit/537.36 (KHTML, like Gecko) Maxthon/5.0.3.1400 Chrome/47.0.2526.73 Safari/537.36',
  'upgrade-insecure-requests' => '1',
  'accept' => 'text/html,application/xhtml+xml,application/xml;q=0.9,image/webp,*/*;q=0.8',
  'connection' => 'keep-alive',
  'host' => '192.168.70.9:97',
  'content-length' => '',
  'content-type' => '',
)
[ info ] [ PARAM ] array (
)
[ info ] [ RUN ] app\index\controller\Index->index[ D:\www\weioa\application\index\controller\Index.php ]
[ info ] [ SESSION ] INIT array (
  'id' => '',
  'var_session_id' => '',
  'prefix' => 'wei',
  'type' => '',
  'auto_start' => true,
  'expire' => 86400,
)
[ info ] [ DB ] INIT mysql
[ info ] [ VIEW ] D:\www\weioa\public/../application/index\view\index\index.html [ array (
  0 => 'default_title',
  1 => 'menu',
  2 => 'menu_child',
  3 => 'mid',
) ]
[ info ] [ LOG ] INIT File
[ sql ] [ DB ] CONNECT:[ UseTime:1.004528s ] mysql:dbname=weioa;host=localhost;charset=utf8
[ sql ] [ SQL ] SHOW COLUMNS FROM `wei_menu` [ RunTime:0.255517s ]
[ sql ] [ SQL ] SELECT * FROM `wei_menu` WHERE  `parent_id` = 0  AND `is_del` = 0 ORDER BY sort desc [ RunTime:0.095574s ]
[ sql ] [ SQL ] SELECT * FROM `wei_menu` WHERE  `is_del` = 0  AND `parent_id` = 8 ORDER BY sort desc [ RunTime:0.000944s ]
[ sql ] [ SQL ] SELECT * FROM `wei_menu` WHERE  `is_del` = 0  AND `parent_id` = 21 ORDER BY sort desc [ RunTime:0.000941s ]
[ sql ] [ SQL ] SELECT * FROM `wei_menu` WHERE  `is_del` = 0  AND `parent_id` = 20 ORDER BY sort desc [ RunTime:0.000761s ]
[ sql ] [ SQL ] SELECT * FROM `wei_menu` WHERE  `is_del` = 0  AND `parent_id` = 19 ORDER BY sort desc [ RunTime:0.000759s ]
[ sql ] [ SQL ] SELECT * FROM `wei_menu` WHERE  `is_del` = 0  AND `parent_id` = 18 ORDER BY sort desc [ RunTime:0.000771s ]
[ sql ] [ SQL ] SELECT * FROM `wei_menu` WHERE  `is_del` = 0  AND `parent_id` = 17 ORDER BY sort desc [ RunTime:0.000688s ]

---------------------------------------------------------------
[ 2017-03-31T11:17:07+08:00 ] 192.168.70.9 192.168.70.9 GET /index/Company/dept/mid/8
[ log ] 192.168.70.9:97/index/Company/dept/mid/8 [运行时间：1.286122s][吞吐率：0.78req/s] [内存消耗：2,163.23kb] [文件加载：46]
[ info ] [ LANG ] D:\www\weioa\thinkphp\lang\zh-cn.php
[ info ] [ ROUTE ] array (
  'type' => 'module',
  'module' => 
  array (
    0 => 'index',
    1 => 'Company',
    2 => 'dept',
  ),
)
[ info ] [ HEADER ] array (
  'cookie' => 'CNZZDATA30088308=cnzz_eid%3D683259901-1484699979-%26ntime%3D1484710790; PHPSESSID=1b21bdk4mq4rvts4ldsp19jj73; _identity=b63b451959c176400f6676671ab0d4c3e1f541b22dd6b06e21336ffcbcb9e825a%3A2%3A%7Bi%3A0%3Bs%3A9%3A%22_identity%22%3Bi%3A1%3Bs%3A14%3A%22%5B%221%22%2C%221%22%2C7200%5D%22%3B%7D; weidata_id1=8; weidata_id2=21; weidata_id3=undefined',
  'accept-language' => 'zh-CN',
  'accept-encoding' => 'gzip, deflate',
  'referer' => 'http://192.168.70.9:97/index/Index/index',
  'dnt' => '1',
  'user-agent' => 'Mozilla/5.0 (Windows NT 10.0; WOW64) AppleWebKit/537.36 (KHTML, like Gecko) Maxthon/5.0.3.1400 Chrome/47.0.2526.73 Safari/537.36',
  'upgrade-insecure-requests' => '1',
  'accept' => 'text/html,application/xhtml+xml,application/xml;q=0.9,image/webp,*/*;q=0.8',
  'connection' => 'keep-alive',
  'host' => '192.168.70.9:97',
  'content-length' => '',
  'content-type' => '',
)
[ info ] [ PARAM ] array (
  'mid' => '8',
)
[ info ] [ SESSION ] INIT array (
  'id' => '',
  'var_session_id' => '',
  'prefix' => 'wei',
  'type' => '',
  'auto_start' => true,
  'expire' => 86400,
)
[ info ] [ SESSION ] INIT array (
  'prefix' => 'menu',
  'type' => '',
  'auto_start' => true,
  'expire' => 3600,
)
[ info ] [ DB ] INIT mysql
[ info ] [ RUN ] app\index\controller\Company->dept[ D:\www\weioa\application\index\controller\Company.php ]
[ info ] [ VIEW ] D:\www\weioa\public/../application/index\view\company\dept.html [ array (
  0 => 'default_title',
  1 => 'menu',
  2 => 'mid',
  3 => 'menu_child',
  4 => 'dept',
) ]
[ info ] [ LOG ] INIT File
[ sql ] [ DB ] CONNECT:[ UseTime:1.004662s ] mysql:dbname=weioa;host=localhost;charset=utf8
[ sql ] [ SQL ] SHOW COLUMNS FROM `wei_menu` [ RunTime:0.008932s ]
[ sql ] [ SQL ] SELECT * FROM `wei_menu` WHERE  `parent_id` = 0  AND `is_del` = 0 ORDER BY sort desc [ RunTime:0.000752s ]
[ sql ] [ SQL ] SELECT * FROM `wei_menu` WHERE  `is_del` = 0  AND `parent_id` = 8 ORDER BY sort desc [ RunTime:0.000712s ]
[ sql ] [ SQL ] SELECT * FROM `wei_menu` WHERE  `is_del` = 0  AND `parent_id` = 21 ORDER BY sort desc [ RunTime:0.000576s ]
[ sql ] [ SQL ] SELECT * FROM `wei_menu` WHERE  `is_del` = 0  AND `parent_id` = 20 ORDER BY sort desc [ RunTime:0.000615s ]
[ sql ] [ SQL ] SELECT * FROM `wei_menu` WHERE  `is_del` = 0  AND `parent_id` = 19 ORDER BY sort desc [ RunTime:0.000563s ]
[ sql ] [ SQL ] SELECT * FROM `wei_menu` WHERE  `is_del` = 0  AND `parent_id` = 18 ORDER BY sort desc [ RunTime:0.000649s ]
[ sql ] [ SQL ] SELECT * FROM `wei_menu` WHERE  `is_del` = 0  AND `parent_id` = 17 ORDER BY sort desc [ RunTime:0.000567s ]
[ sql ] [ SQL ] SHOW COLUMNS FROM `wei_dept` [ RunTime:0.078611s ]
[ sql ] [ SQL ] SELECT * FROM `wei_dept` WHERE  `is_del` = 0 [ RunTime:0.000642s ]

---------------------------------------------------------------
[ 2017-03-31T11:17:12+08:00 ] 192.168.70.9 192.168.70.9 POST /index/Index/getMenu
[ log ] 192.168.70.9:97/index/Index/getMenu [运行时间：1.080958s][吞吐率：0.93req/s] [内存消耗：2,051.26kb] [文件加载：41]
[ info ] [ LANG ] D:\www\weioa\thinkphp\lang\zh-cn.php
[ info ] [ ROUTE ] array (
  'type' => 'module',
  'module' => 
  array (
    0 => 'index',
    1 => 'Index',
    2 => 'getMenu',
  ),
)
[ info ] [ HEADER ] array (
  'cookie' => 'CNZZDATA30088308=cnzz_eid%3D683259901-1484699979-%26ntime%3D1484710790; PHPSESSID=1b21bdk4mq4rvts4ldsp19jj73; weidata_id1=8; weidata_id2=21; weidata_id3=undefined; _identity=b63b451959c176400f6676671ab0d4c3e1f541b22dd6b06e21336ffcbcb9e825a%3A2%3A%7Bi%3A0%3Bs%3A9%3A%22_identity%22%3Bi%3A1%3Bs%3A14%3A%22%5B%221%22%2C%221%22%2C7200%5D%22%3B%7D',
  'accept-language' => 'zh-CN',
  'accept-encoding' => 'gzip, deflate',
  'referer' => 'http://192.168.70.9:97/index/Company/dept/mid/8',
  'dnt' => '1',
  'content-type' => 'application/x-www-form-urlencoded; charset=UTF-8',
  'user-agent' => 'Mozilla/5.0 (Windows NT 10.0; WOW64) AppleWebKit/537.36 (KHTML, like Gecko) Maxthon/5.0.3.1400 Chrome/47.0.2526.73 Safari/537.36',
  'x-requested-with' => 'XMLHttpRequest',
  'origin' => 'http://192.168.70.9:97',
  'accept' => 'application/json, text/javascript, */*; q=0.01',
  'content-length' => '16',
  'connection' => 'keep-alive',
  'host' => '192.168.70.9:97',
)
[ info ] [ PARAM ] array (
  'data_id' => '1',
  'ajax' => '1',
)
[ info ] [ RUN ] app\index\controller\Index->getMenu[ D:\www\weioa\application\index\controller\Index.php ]
[ info ] [ DB ] INIT mysql
[ info ] [ LOG ] INIT File
[ sql ] [ DB ] CONNECT:[ UseTime:1.004589s ] mysql:dbname=weioa;host=localhost;charset=utf8
[ sql ] [ SQL ] SHOW COLUMNS FROM `wei_menu` [ RunTime:0.017068s ]
[ sql ] [ SQL ] SELECT * FROM `wei_menu` WHERE  (  parent_id = 1 ) ORDER BY sort desc [ RunTime:0.001024s ]
[ sql ] [ SQL ] SELECT * FROM `wei_menu` WHERE  (  parent_id= 64 ) ORDER BY sort desc [ RunTime:0.000720s ]
[ sql ] [ SQL ] SELECT * FROM `wei_menu` WHERE  (  parent_id= 63 ) ORDER BY sort desc [ RunTime:0.000626s ]
[ sql ] [ SQL ] SELECT * FROM `wei_menu` WHERE  (  parent_id= 62 ) ORDER BY sort desc [ RunTime:0.000647s ]
[ sql ] [ SQL ] SELECT * FROM `wei_menu` WHERE  (  parent_id= 61 ) ORDER BY sort desc [ RunTime:0.000670s ]
[ sql ] [ SQL ] SELECT * FROM `wei_menu` WHERE  (  parent_id= 60 ) ORDER BY sort desc [ RunTime:0.000625s ]

---------------------------------------------------------------
[ 2017-03-31T11:17:27+08:00 ] 192.168.70.9 192.168.70.9 GET /index/Company/dept/mid/1
[ log ] 192.168.70.9:97/index/Company/dept/mid/1 [运行时间：1.101664s][吞吐率：0.91req/s] [内存消耗：2,169.73kb] [文件加载：46]
[ info ] [ LANG ] D:\www\weioa\thinkphp\lang\zh-cn.php
[ info ] [ ROUTE ] array (
  'type' => 'module',
  'module' => 
  array (
    0 => 'index',
    1 => 'Company',
    2 => 'dept',
  ),
)
[ info ] [ HEADER ] array (
  'cookie' => 'CNZZDATA30088308=cnzz_eid%3D683259901-1484699979-%26ntime%3D1484710790; PHPSESSID=1b21bdk4mq4rvts4ldsp19jj73; _identity=b63b451959c176400f6676671ab0d4c3e1f541b22dd6b06e21336ffcbcb9e825a%3A2%3A%7Bi%3A0%3Bs%3A9%3A%22_identity%22%3Bi%3A1%3Bs%3A14%3A%22%5B%221%22%2C%221%22%2C7200%5D%22%3B%7D; weidata_id1=1; weidata_id2=60; weidata_id3=65',
  'accept-language' => 'zh-CN',
  'accept-encoding' => 'gzip, deflate',
  'referer' => 'http://192.168.70.9:97/index/Company/dept/mid/8',
  'dnt' => '1',
  'user-agent' => 'Mozilla/5.0 (Windows NT 10.0; WOW64) AppleWebKit/537.36 (KHTML, like Gecko) Maxthon/5.0.3.1400 Chrome/47.0.2526.73 Safari/537.36',
  'upgrade-insecure-requests' => '1',
  'accept' => 'text/html,application/xhtml+xml,application/xml;q=0.9,image/webp,*/*;q=0.8',
  'connection' => 'keep-alive',
  'host' => '192.168.70.9:97',
  'content-length' => '',
  'content-type' => '',
)
[ info ] [ PARAM ] array (
  'mid' => '1',
)
[ info ] [ SESSION ] INIT array (
  'id' => '',
  'var_session_id' => '',
  'prefix' => 'wei',
  'type' => '',
  'auto_start' => true,
  'expire' => 86400,
)
[ info ] [ SESSION ] INIT array (
  'prefix' => 'menu',
  'type' => '',
  'auto_start' => true,
  'expire' => 3600,
)
[ info ] [ DB ] INIT mysql
[ info ] [ RUN ] app\index\controller\Company->dept[ D:\www\weioa\application\index\controller\Company.php ]
[ info ] [ VIEW ] D:\www\weioa\public/../application/index\view\company\dept.html [ array (
  0 => 'default_title',
  1 => 'menu',
  2 => 'mid',
  3 => 'menu_child',
  4 => 'dept',
) ]
[ info ] [ LOG ] INIT File
[ sql ] [ DB ] CONNECT:[ UseTime:1.002851s ] mysql:dbname=weioa;host=localhost;charset=utf8
[ sql ] [ SQL ] SHOW COLUMNS FROM `wei_menu` [ RunTime:0.010555s ]
[ sql ] [ SQL ] SELECT * FROM `wei_menu` WHERE  `parent_id` = 0  AND `is_del` = 0 ORDER BY sort desc [ RunTime:0.000749s ]
[ sql ] [ SQL ] SELECT * FROM `wei_menu` WHERE  `is_del` = 0  AND `parent_id` = 1 ORDER BY sort desc [ RunTime:0.000773s ]
[ sql ] [ SQL ] SELECT * FROM `wei_menu` WHERE  `is_del` = 0  AND `parent_id` = 64 ORDER BY sort desc [ RunTime:0.000570s ]
[ sql ] [ SQL ] SELECT * FROM `wei_menu` WHERE  `is_del` = 0  AND `parent_id` = 63 ORDER BY sort desc [ RunTime:0.000416s ]
[ sql ] [ SQL ] SELECT * FROM `wei_menu` WHERE  `is_del` = 0  AND `parent_id` = 62 ORDER BY sort desc [ RunTime:0.000519s ]
[ sql ] [ SQL ] SELECT * FROM `wei_menu` WHERE  `is_del` = 0  AND `parent_id` = 61 ORDER BY sort desc [ RunTime:0.000656s ]
[ sql ] [ SQL ] SELECT * FROM `wei_menu` WHERE  `is_del` = 0  AND `parent_id` = 60 ORDER BY sort desc [ RunTime:0.000529s ]
[ sql ] [ SQL ] SHOW COLUMNS FROM `wei_dept` [ RunTime:0.008993s ]
[ sql ] [ SQL ] SELECT * FROM `wei_dept` WHERE  `is_del` = 0 [ RunTime:0.000677s ]

---------------------------------------------------------------
[ 2017-03-31T11:17:32+08:00 ] 192.168.70.9 192.168.70.9 GET /index/Company/dept/mid/1
[ log ] 192.168.70.9:97/index/Company/dept/mid/1 [运行时间：1.106275s][吞吐率：0.90req/s] [内存消耗：2,169.73kb] [文件加载：46]
[ info ] [ LANG ] D:\www\weioa\thinkphp\lang\zh-cn.php
[ info ] [ ROUTE ] array (
  'type' => 'module',
  'module' => 
  array (
    0 => 'index',
    1 => 'Company',
    2 => 'dept',
  ),
)
[ info ] [ HEADER ] array (
  'cookie' => 'CNZZDATA30088308=cnzz_eid%3D683259901-1484699979-%26ntime%3D1484710790; PHPSESSID=1b21bdk4mq4rvts4ldsp19jj73; _identity=b63b451959c176400f6676671ab0d4c3e1f541b22dd6b06e21336ffcbcb9e825a%3A2%3A%7Bi%3A0%3Bs%3A9%3A%22_identity%22%3Bi%3A1%3Bs%3A14%3A%22%5B%221%22%2C%221%22%2C7200%5D%22%3B%7D; weidata_id1=1; weidata_id2=60; weidata_id3=65',
  'accept-language' => 'zh-CN',
  'accept-encoding' => 'gzip, deflate',
  'referer' => 'http://192.168.70.9:97/index/Company/dept/mid/1',
  'dnt' => '1',
  'user-agent' => 'Mozilla/5.0 (Windows NT 10.0; WOW64) AppleWebKit/537.36 (KHTML, like Gecko) Maxthon/5.0.3.1400 Chrome/47.0.2526.73 Safari/537.36',
  'upgrade-insecure-requests' => '1',
  'accept' => 'text/html,application/xhtml+xml,application/xml;q=0.9,image/webp,*/*;q=0.8',
  'connection' => 'keep-alive',
  'host' => '192.168.70.9:97',
  'content-length' => '',
  'content-type' => '',
)
[ info ] [ PARAM ] array (
  'mid' => '1',
)
[ info ] [ SESSION ] INIT array (
  'id' => '',
  'var_session_id' => '',
  'prefix' => 'wei',
  'type' => '',
  'auto_start' => true,
  'expire' => 86400,
)
[ info ] [ SESSION ] INIT array (
  'prefix' => 'menu',
  'type' => '',
  'auto_start' => true,
  'expire' => 3600,
)
[ info ] [ DB ] INIT mysql
[ info ] [ RUN ] app\index\controller\Company->dept[ D:\www\weioa\application\index\controller\Company.php ]
[ info ] [ VIEW ] D:\www\weioa\public/../application/index\view\company\dept.html [ array (
  0 => 'default_title',
  1 => 'menu',
  2 => 'mid',
  3 => 'menu_child',
  4 => 'dept',
) ]
[ info ] [ LOG ] INIT File
[ sql ] [ DB ] CONNECT:[ UseTime:1.014545s ] mysql:dbname=weioa;host=localhost;charset=utf8
[ sql ] [ SQL ] SHOW COLUMNS FROM `wei_menu` [ RunTime:0.012433s ]
[ sql ] [ SQL ] SELECT * FROM `wei_menu` WHERE  `parent_id` = 0  AND `is_del` = 0 ORDER BY sort desc [ RunTime:0.000743s ]
[ sql ] [ SQL ] SELECT * FROM `wei_menu` WHERE  `is_del` = 0  AND `parent_id` = 1 ORDER BY sort desc [ RunTime:0.000703s ]
[ sql ] [ SQL ] SELECT * FROM `wei_menu` WHERE  `is_del` = 0  AND `parent_id` = 64 ORDER BY sort desc [ RunTime:0.000698s ]
[ sql ] [ SQL ] SELECT * FROM `wei_menu` WHERE  `is_del` = 0  AND `parent_id` = 63 ORDER BY sort desc [ RunTime:0.000574s ]
[ sql ] [ SQL ] SELECT * FROM `wei_menu` WHERE  `is_del` = 0  AND `parent_id` = 62 ORDER BY sort desc [ RunTime:0.000697s ]
[ sql ] [ SQL ] SELECT * FROM `wei_menu` WHERE  `is_del` = 0  AND `parent_id` = 61 ORDER BY sort desc [ RunTime:0.000690s ]
[ sql ] [ SQL ] SELECT * FROM `wei_menu` WHERE  `is_del` = 0  AND `parent_id` = 60 ORDER BY sort desc [ RunTime:0.000623s ]
[ sql ] [ SQL ] SHOW COLUMNS FROM `wei_dept` [ RunTime:0.007846s ]
[ sql ] [ SQL ] SELECT * FROM `wei_dept` WHERE  `is_del` = 0 [ RunTime:0.000590s ]

---------------------------------------------------------------
[ 2017-03-31T11:17:38+08:00 ] 192.168.70.9 192.168.70.9 GET /index/Company/dept/mid/magicfill_webkit.js.map
[ log ] 192.168.70.9:97/index/Company/dept/mid/magicfill_webkit.js.map [运行时间：1.114458s][吞吐率：0.90req/s] [内存消耗：2,200.58kb] [文件加载：46]
[ info ] [ LANG ] D:\www\weioa\thinkphp\lang\zh-cn.php
[ info ] [ ROUTE ] array (
  'type' => 'module',
  'module' => 
  array (
    0 => 'index',
    1 => 'Company',
    2 => 'dept',
  ),
)
[ info ] [ HEADER ] array (
  'cookie' => 'CNZZDATA30088308=cnzz_eid%3D683259901-1484699979-%26ntime%3D1484710790; PHPSESSID=1b21bdk4mq4rvts4ldsp19jj73; weidata_id1=1; weidata_id2=60; weidata_id3=65; _identity=b63b451959c176400f6676671ab0d4c3e1f541b22dd6b06e21336ffcbcb9e825a%3A2%3A%7Bi%3A0%3Bs%3A9%3A%22_identity%22%3Bi%3A1%3Bs%3A14%3A%22%5B%221%22%2C%221%22%2C7200%5D%22%3B%7D',
  'accept-language' => 'zh-CN',
  'accept-encoding' => 'gzip, deflate',
  'dnt' => '1',
  'user-agent' => 'Mozilla/5.0 (Windows NT 10.0; WOW64) AppleWebKit/537.36 (KHTML, like Gecko) Maxthon/5.0.3.1400 Chrome/47.0.2526.73 Safari/537.36',
  'connection' => 'keep-alive',
  'host' => '192.168.70.9:97',
  'content-length' => '',
  'content-type' => '',
)
[ info ] [ PARAM ] array (
  'mid' => 'magicfill_webkit.js',
)
[ info ] [ SESSION ] INIT array (
  'id' => '',
  'var_session_id' => '',
  'prefix' => 'wei',
  'type' => '',
  'auto_start' => true,
  'expire' => 86400,
)
[ info ] [ SESSION ] INIT array (
  'prefix' => 'menu',
  'type' => '',
  'auto_start' => true,
  'expire' => 3600,
)
[ info ] [ DB ] INIT mysql
[ info ] [ RUN ] app\index\controller\Company->dept[ D:\www\weioa\application\index\controller\Company.php ]
[ info ] [ VIEW ] D:\www\weioa\public/../application/index\view\company\dept.html [ array (
  0 => 'default_title',
  1 => 'menu',
  2 => 'mid',
  3 => 'menu_child',
  4 => 'dept',
) ]
[ info ] [ LOG ] INIT File
[ sql ] [ DB ] CONNECT:[ UseTime:1.012122s ] mysql:dbname=weioa;host=localhost;charset=utf8
[ sql ] [ SQL ] SHOW COLUMNS FROM `wei_menu` [ RunTime:0.007947s ]
[ sql ] [ SQL ] SELECT * FROM `wei_menu` WHERE  `parent_id` = 0  AND `is_del` = 0 ORDER BY sort desc [ RunTime:0.000700s ]
[ sql ] [ SQL ] SELECT * FROM `wei_menu` WHERE  `is_del` = 0  AND `parent_id` = 0 ORDER BY sort desc [ RunTime:0.000808s ]
[ sql ] [ SQL ] SELECT * FROM `wei_menu` WHERE  `is_del` = 0  AND `parent_id` = 8 ORDER BY sort desc [ RunTime:0.000671s ]
[ sql ] [ SQL ] SELECT * FROM `wei_menu` WHERE  `is_del` = 0  AND `parent_id` = 7 ORDER BY sort desc [ RunTime:0.000598s ]
[ sql ] [ SQL ] SELECT * FROM `wei_menu` WHERE  `is_del` = 0  AND `parent_id` = 6 ORDER BY sort desc [ RunTime:0.000538s ]
[ sql ] [ SQL ] SELECT * FROM `wei_menu` WHERE  `is_del` = 0  AND `parent_id` = 5 ORDER BY sort desc [ RunTime:0.000613s ]
[ sql ] [ SQL ] SELECT * FROM `wei_menu` WHERE  `is_del` = 0  AND `parent_id` = 4 ORDER BY sort desc [ RunTime:0.000647s ]
[ sql ] [ SQL ] SELECT * FROM `wei_menu` WHERE  `is_del` = 0  AND `parent_id` = 3 ORDER BY sort desc [ RunTime:0.000621s ]
[ sql ] [ SQL ] SELECT * FROM `wei_menu` WHERE  `is_del` = 0  AND `parent_id` = 2 ORDER BY sort desc [ RunTime:0.000922s ]
[ sql ] [ SQL ] SELECT * FROM `wei_menu` WHERE  `is_del` = 0  AND `parent_id` = 1 ORDER BY sort desc [ RunTime:0.000816s ]
[ sql ] [ SQL ] SHOW COLUMNS FROM `wei_dept` [ RunTime:0.008211s ]
[ sql ] [ SQL ] SELECT * FROM `wei_dept` WHERE  `is_del` = 0 [ RunTime:0.000535s ]

---------------------------------------------------------------
[ 2017-03-31T11:18:04+08:00 ] 192.168.70.9 192.168.70.9 GET /index/company/dept/mid/1
[ log ] 192.168.70.9:97/index/company/dept/mid/1 [运行时间：1.109684s][吞吐率：0.90req/s] [内存消耗：2,169.73kb] [文件加载：46]
[ info ] [ LANG ] D:\www\weioa\thinkphp\lang\zh-cn.php
[ info ] [ ROUTE ] array (
  'type' => 'module',
  'module' => 
  array (
    0 => 'index',
    1 => 'company',
    2 => 'dept',
  ),
)
[ info ] [ HEADER ] array (
  'cookie' => 'CNZZDATA30088308=cnzz_eid%3D683259901-1484699979-%26ntime%3D1484710790; PHPSESSID=1b21bdk4mq4rvts4ldsp19jj73; _identity=b63b451959c176400f6676671ab0d4c3e1f541b22dd6b06e21336ffcbcb9e825a%3A2%3A%7Bi%3A0%3Bs%3A9%3A%22_identity%22%3Bi%3A1%3Bs%3A14%3A%22%5B%221%22%2C%221%22%2C7200%5D%22%3B%7D; weidata_id1=1; weidata_id2=61; weidata_id3=70',
  'accept-language' => 'zh-CN',
  'accept-encoding' => 'gzip, deflate',
  'referer' => 'http://192.168.70.9:97/index/Company/dept/mid/1',
  'dnt' => '1',
  'user-agent' => 'Mozilla/5.0 (Windows NT 10.0; WOW64) AppleWebKit/537.36 (KHTML, like Gecko) Maxthon/5.0.3.1400 Chrome/47.0.2526.73 Safari/537.36',
  'upgrade-insecure-requests' => '1',
  'accept' => 'text/html,application/xhtml+xml,application/xml;q=0.9,image/webp,*/*;q=0.8',
  'connection' => 'keep-alive',
  'host' => '192.168.70.9:97',
  'content-length' => '',
  'content-type' => '',
)
[ info ] [ PARAM ] array (
  'mid' => '1',
)
[ info ] [ SESSION ] INIT array (
  'id' => '',
  'var_session_id' => '',
  'prefix' => 'wei',
  'type' => '',
  'auto_start' => true,
  'expire' => 86400,
)
[ info ] [ SESSION ] INIT array (
  'prefix' => 'menu',
  'type' => '',
  'auto_start' => true,
  'expire' => 3600,
)
[ info ] [ DB ] INIT mysql
[ info ] [ RUN ] app\index\controller\Company->dept[ D:\www\weioa\application\index\controller\Company.php ]
[ info ] [ VIEW ] D:\www\weioa\public/../application/index\view\company\dept.html [ array (
  0 => 'default_title',
  1 => 'menu',
  2 => 'mid',
  3 => 'menu_child',
  4 => 'dept',
) ]
[ info ] [ LOG ] INIT File
[ sql ] [ DB ] CONNECT:[ UseTime:1.022343s ] mysql:dbname=weioa;host=localhost;charset=utf8
[ sql ] [ SQL ] SHOW COLUMNS FROM `wei_menu` [ RunTime:0.007449s ]
[ sql ] [ SQL ] SELECT * FROM `wei_menu` WHERE  `parent_id` = 0  AND `is_del` = 0 ORDER BY sort desc [ RunTime:0.000635s ]
[ sql ] [ SQL ] SELECT * FROM `wei_menu` WHERE  `is_del` = 0  AND `parent_id` = 1 ORDER BY sort desc [ RunTime:0.000561s ]
[ sql ] [ SQL ] SELECT * FROM `wei_menu` WHERE  `is_del` = 0  AND `parent_id` = 64 ORDER BY sort desc [ RunTime:0.000547s ]
[ sql ] [ SQL ] SELECT * FROM `wei_menu` WHERE  `is_del` = 0  AND `parent_id` = 63 ORDER BY sort desc [ RunTime:0.000442s ]
[ sql ] [ SQL ] SELECT * FROM `wei_menu` WHERE  `is_del` = 0  AND `parent_id` = 62 ORDER BY sort desc [ RunTime:0.000764s ]
[ sql ] [ SQL ] SELECT * FROM `wei_menu` WHERE  `is_del` = 0  AND `parent_id` = 61 ORDER BY sort desc [ RunTime:0.000662s ]
[ sql ] [ SQL ] SELECT * FROM `wei_menu` WHERE  `is_del` = 0  AND `parent_id` = 60 ORDER BY sort desc [ RunTime:0.000580s ]
[ sql ] [ SQL ] SHOW COLUMNS FROM `wei_dept` [ RunTime:0.008247s ]
[ sql ] [ SQL ] SELECT * FROM `wei_dept` WHERE  `is_del` = 0 [ RunTime:0.000613s ]

---------------------------------------------------------------
